{"E:\\testing_react\\testWithReact\\src\\components\\Application\\Application.jsx": {"path":"E:\\testing_react\\testWithReact\\src\\components\\Application\\Application.jsx","statementMap":{"0":{"start":{"line":1,"column":27},"end":{"line":46,"column":1}},"1":{"start":{"line":2,"column":2},"end":{"line":45,"column":4}}},"fnMap":{"0":{"name":"(anonymous_0)","decl":{"start":{"line":1,"column":27},"end":{"line":1,"column":28}},"loc":{"start":{"line":1,"column":33},"end":{"line":46,"column":1}},"line":1},"1":{"name":"(anonymous_1)","decl":{"start":{"line":18,"column":22},"end":{"line":18,"column":23}},"loc":{"start":{"line":18,"column":28},"end":{"line":18,"column":30}},"line":18}},"branchMap":{},"s":{"0":1,"1":1},"f":{"0":1,"1":0},"b":{},"_coverageSchema":"1a1c01bbd47fc00a2c39e90264f33305004495a9","hash":"26f1b7e90ece9813c86b44d67bd26ea1c7cf4a69"}
}
